Added Component: Designator=C1(C0603)
Added Component: Designator=C3(C0603)
Added Component: Designator=C4(C0603)
Added Component: Designator=C5(C0603)
Added Component: Designator=C6(C0603)
Added Component: Designator=C10(C0603)
Added Component: Designator=C11(C0603)
Added Component: Designator=C12(C0603)
Added Component: Designator=C13(C0603)
Added Component: Designator=C14(C0603)
Added Component: Designator=C15(C0603)
Added Component: Designator=C16(C0603)
Added Component: Designator=I3(BTB1.0-51P-b)
Added Component: Designator=RM1(R0603)
Added Component: Designator=RM2(R0603)
Added Component: Designator=RM3(R0603)
Added Component: Designator=RM4(R0603)
Added Component: Designator=RM5(R0603)
Added Component: Designator=RM6(R0603)
Added Pin To Net: NetName=VCC Pin=C1-1
Added Pin To Net: NetName=GND Pin=C1-2
Added Pin To Net: NetName=VCC Pin=C3-1
Added Pin To Net: NetName=GND Pin=C3-2
Added Pin To Net: NetName=VCC Pin=C4-1
Added Pin To Net: NetName=GND Pin=C4-2
Added Pin To Net: NetName=VCC Pin=C5-1
Added Pin To Net: NetName=GND Pin=C5-2
Added Pin To Net: NetName=VCC Pin=C6-1
Added Pin To Net: NetName=GND Pin=C6-2
Added Pin To Net: NetName=VCC Pin=C10-1
Added Pin To Net: NetName=GND Pin=C10-2
Added Pin To Net: NetName=VCC Pin=C11-1
Added Pin To Net: NetName=GND Pin=C11-2
Added Pin To Net: NetName=VCC Pin=C12-1
Added Pin To Net: NetName=GND Pin=C12-2
Added Pin To Net: NetName=VCC Pin=C13-1
Added Pin To Net: NetName=GND Pin=C13-2
Added Pin To Net: NetName=VCC Pin=C14-1
Added Pin To Net: NetName=GND Pin=C14-2
Added Pin To Net: NetName=VCC Pin=C15-1
Added Pin To Net: NetName=GND Pin=C15-2
Added Pin To Net: NetName=VCC Pin=C16-1
Added Pin To Net: NetName=GND Pin=C16-2
Added Pin To Net: NetName=GND Pin=I3-0
Added Pin To Net: NetName=GND Pin=I3-0
Added Pin To Net: NetName=CD0 Pin=I3-1
Added Pin To Net: NetName=CD2 Pin=I3-2
Added Pin To Net: NetName=CD4 Pin=I3-3
Added Pin To Net: NetName=CD6 Pin=I3-5
Added Pin To Net: NetName=CD8 Pin=I3-6
Added Pin To Net: NetName=CD10 Pin=I3-7
Added Pin To Net: NetName=CD12 Pin=I3-9
Added Pin To Net: NetName=CD14 Pin=I3-10
Added Pin To Net: NetName=GND Pin=I3-11
Added Pin To Net: NetName=GND Pin=I3-13
Added Pin To Net: NetName=GND Pin=I3-14
Added Pin To Net: NetName=VCC Pin=I3-16
Added Pin To Net: NetName=VCC Pin=I3-17
Added Pin To Net: NetName=GND Pin=I3-21
Added Pin To Net: NetName=GND Pin=I3-22
Added Pin To Net: NetName=GND Pin=I3-23
Added Pin To Net: NetName=*MWE Pin=I3-25
Added Pin To Net: NetName=VCC Pin=I3-26
Added Pin To Net: NetName=VCC Pin=I3-27
Added Pin To Net: NetName=GND Pin=I3-30
Added Pin To Net: NetName=GND Pin=I3-31
Added Pin To Net: NetName=GND Pin=I3-32
Added Pin To Net: NetName=VCC Pin=I3-36
Added Pin To Net: NetName=VCC Pin=I3-37
Added Pin To Net: NetName=GND Pin=I3-39
Added Pin To Net: NetName=GND Pin=I3-40
Added Pin To Net: NetName=CD15 Pin=I3-42
Added Pin To Net: NetName=CD13 Pin=I3-43
Added Pin To Net: NetName=CD11 Pin=I3-45
Added Pin To Net: NetName=CD9 Pin=I3-46
Added Pin To Net: NetName=CD7 Pin=I3-47
Added Pin To Net: NetName=CD5 Pin=I3-48
Added Pin To Net: NetName=CD3 Pin=I3-50
Added Pin To Net: NetName=CD1 Pin=I3-51
Added Pin To Net: NetName=*CAS1 Pin=RM1-2
Added Pin To Net: NetName=*CAS3 Pin=RM2-2
Added Pin To Net: NetName=*CAS0 Pin=RM3-2
Added Pin To Net: NetName=*CAS2 Pin=RM4-2
Added Pin To Net: NetName=*RAS1 Pin=RM5-2
Added Pin To Net: NetName=*RAS0 Pin=RM6-2
Added Pin To Net: NetName=*CAS0_ Pin=I3-8
Added Pin To Net: NetName=*CAS0_ Pin=RM3-1
Added Net: Name=*CAS0_
Added Pin To Net: NetName=*CAS1_ Pin=I3-49
Added Pin To Net: NetName=*CAS1_ Pin=RM1-1
Added Net: Name=*CAS1_
Added Pin To Net: NetName=*CAS2_ Pin=I3-44
Added Pin To Net: NetName=*CAS2_ Pin=RM4-1
Added Net: Name=*CAS2_
Added Pin To Net: NetName=*CAS3_ Pin=I3-4
Added Pin To Net: NetName=*CAS3_ Pin=RM2-1
Added Net: Name=*CAS3_
Added Pin To Net: NetName=*RAS0_ Pin=I3-34
Added Pin To Net: NetName=*RAS0_ Pin=RM6-1
Added Net: Name=*RAS0_
Added Pin To Net: NetName=*RAS1_ Pin=I3-19
Added Pin To Net: NetName=*RAS1_ Pin=RM5-1
Added Net: Name=*RAS1_
Added Pin To Net: NetName=MA0 Pin=I3-28
Added Net: Name=MA0
Added Pin To Net: NetName=MA1 Pin=I3-24
Added Net: Name=MA1
Added Pin To Net: NetName=MA2 Pin=I3-29
Added Net: Name=MA2
Added Pin To Net: NetName=MA3 Pin=I3-20
Added Net: Name=MA3
Added Pin To Net: NetName=MA4 Pin=I3-33
Added Net: Name=MA4
Added Pin To Net: NetName=MA5 Pin=I3-18
Added Net: Name=MA5
Added Pin To Net: NetName=MA6 Pin=I3-35
Added Net: Name=MA6
Added Pin To Net: NetName=MA7 Pin=I3-15
Added Net: Name=MA7
Added Pin To Net: NetName=MA8 Pin=I3-38
Added Net: Name=MA8
Added Pin To Net: NetName=MA9 Pin=I3-12
Added Net: Name=MA9
Added Pin To Net: NetName=MA10 Pin=I3-41
Added Net: Name=MA10
Added Member To Class: ClassName=Sheet1 Member=Component C1 0.1uf
Added Member To Class: ClassName=Sheet1 Member=Component C3 CAP
Added Member To Class: ClassName=Sheet1 Member=Component C4 CAP
Added Member To Class: ClassName=Sheet1 Member=Component C5 CAP
Added Member To Class: ClassName=Sheet1 Member=Component C6 CAP
Added Member To Class: ClassName=Sheet1 Member=Component C10 CAP
Added Member To Class: ClassName=Sheet1 Member=Component C11 CAP
Added Member To Class: ClassName=Sheet1 Member=Component C12 CAP
Added Member To Class: ClassName=Sheet1 Member=Component C13 CAP
Added Member To Class: ClassName=Sheet1 Member=Component C14 CAP
Added Member To Class: ClassName=Sheet1 Member=Component C15 CAP
Added Member To Class: ClassName=Sheet1 Member=Component C16 CAP
Added Member To Class: ClassName=Sheet1 Member=Component I3 CON51P
Added Member To Class: ClassName=Sheet1 Member=Component RM1 100
Added Member To Class: ClassName=Sheet1 Member=Component RM2 100
Added Member To Class: ClassName=Sheet1 Member=Component RM3 100
Added Member To Class: ClassName=Sheet1 Member=Component RM4 100
Added Member To Class: ClassName=Sheet1 Member=Component RM5 100
Added Member To Class: ClassName=Sheet1 Member=Component RM6 100
Removed Pin From Net: NetName=*CAS1 Pin=U5-21
Added Pin To Net: NetName=*CAS0 Pin=U5-21
Removed Pin From Net: NetName=*CAS1 Pin=U6-21
Added Pin To Net: NetName=*CAS0 Pin=U6-21
Removed Pin From Net: NetName=*CAS0 Pin=U7-21
Added Pin To Net: NetName=*CAS1 Pin=U7-21
Removed Pin From Net: NetName=*CAS0 Pin=U8-21
Added Pin To Net: NetName=*CAS1 Pin=U8-21
