Change Net Name : Old Net Name=MA7 New Net Name=MA9
Change Net Name : Old Net Name=MA9 New Net Name=MA7
Removed Pin From Net: NetName=CD0 Pin=I3-1
Added Pin To Net: NetName=VCC Pin=I3-1
Removed Pin From Net: NetName=CD2 Pin=I3-2
Added Pin To Net: NetName=*MWE Pin=I3-2
Removed Pin From Net: NetName=CD4 Pin=I3-3
Added Pin To Net: NetName=MA1 Pin=I3-3
Removed Pin From Net: NetName=*CAS3_ Pin=I3-4
Added Pin To Net: NetName=GND Pin=I3-4
Removed Pin From Net: NetName=CD6 Pin=I3-5
Added Pin To Net: NetName=GND Pin=I3-5
Removed Pin From Net: NetName=CD8 Pin=I3-6
Added Pin To Net: NetName=GND Pin=I3-6
Removed Pin From Net: NetName=CD10 Pin=I3-7
Added Pin To Net: NetName=MA3 Pin=I3-7
Removed Pin From Net: NetName=*CAS0_ Pin=I3-8
Added Pin To Net: NetName=*RAS1_ Pin=I3-8
Removed Pin From Net: NetName=CD12 Pin=I3-9
Added Pin To Net: NetName=MA5 Pin=I3-9
Removed Pin From Net: NetName=CD14 Pin=I3-10
Added Pin To Net: NetName=VCC Pin=I3-10
Removed Pin From Net: NetName=GND Pin=I3-11
Added Pin To Net: NetName=VCC Pin=I3-11
Removed Pin From Net: NetName=VCC Pin=I3-16
Added Pin To Net: NetName=GND Pin=I3-16
Removed Pin From Net: NetName=VCC Pin=I3-17
Added Pin To Net: NetName=CD14 Pin=I3-17
Removed Pin From Net: NetName=MA5 Pin=I3-18
Added Pin To Net: NetName=CD12 Pin=I3-18
Removed Pin From Net: NetName=*RAS1_ Pin=I3-19
Added Pin To Net: NetName=*CAS0_ Pin=I3-19
Removed Pin From Net: NetName=MA3 Pin=I3-20
Added Pin To Net: NetName=CD10 Pin=I3-20
Removed Pin From Net: NetName=GND Pin=I3-21
Added Pin To Net: NetName=CD8 Pin=I3-21
Removed Pin From Net: NetName=GND Pin=I3-22
Added Pin To Net: NetName=CD6 Pin=I3-22
Removed Pin From Net: NetName=GND Pin=I3-23
Added Pin To Net: NetName=*CAS3_ Pin=I3-23
Removed Pin From Net: NetName=MA1 Pin=I3-24
Added Pin To Net: NetName=CD4 Pin=I3-24
Removed Pin From Net: NetName=*MWE Pin=I3-25
Added Pin To Net: NetName=CD2 Pin=I3-25
Removed Pin From Net: NetName=VCC Pin=I3-26
Added Pin To Net: NetName=CD0 Pin=I3-26
Removed Pin From Net: NetName=VCC Pin=I3-27
Added Pin To Net: NetName=CD1 Pin=I3-27
Removed Pin From Net: NetName=MA0 Pin=I3-28
Added Pin To Net: NetName=CD3 Pin=I3-28
Removed Pin From Net: NetName=MA2 Pin=I3-29
Added Pin To Net: NetName=*CAS1_ Pin=I3-29
Removed Pin From Net: NetName=GND Pin=I3-30
Added Pin To Net: NetName=CD5 Pin=I3-30
Removed Pin From Net: NetName=GND Pin=I3-31
Added Pin To Net: NetName=CD7 Pin=I3-31
Removed Pin From Net: NetName=GND Pin=I3-32
Added Pin To Net: NetName=CD9 Pin=I3-32
Removed Pin From Net: NetName=MA4 Pin=I3-33
Added Pin To Net: NetName=CD11 Pin=I3-33
Removed Pin From Net: NetName=*RAS0_ Pin=I3-34
Added Pin To Net: NetName=*CAS2_ Pin=I3-34
Removed Pin From Net: NetName=MA6 Pin=I3-35
Added Pin To Net: NetName=CD13 Pin=I3-35
Removed Pin From Net: NetName=VCC Pin=I3-36
Added Pin To Net: NetName=CD15 Pin=I3-36
Removed Pin From Net: NetName=VCC Pin=I3-37
Added Pin To Net: NetName=MA10 Pin=I3-37
Removed Pin From Net: NetName=MA8 Pin=I3-38
Added Pin To Net: NetName=GND Pin=I3-38
Removed Pin From Net: NetName=GND Pin=I3-40
Added Pin To Net: NetName=MA8 Pin=I3-40
Removed Pin From Net: NetName=MA10 Pin=I3-41
Added Pin To Net: NetName=VCC Pin=I3-41
Removed Pin From Net: NetName=CD15 Pin=I3-42
Added Pin To Net: NetName=VCC Pin=I3-42
Removed Pin From Net: NetName=CD13 Pin=I3-43
Added Pin To Net: NetName=MA6 Pin=I3-43
Removed Pin From Net: NetName=*CAS2_ Pin=I3-44
Added Pin To Net: NetName=*RAS0_ Pin=I3-44
Removed Pin From Net: NetName=CD11 Pin=I3-45
Added Pin To Net: NetName=MA4 Pin=I3-45
Removed Pin From Net: NetName=CD9 Pin=I3-46
Added Pin To Net: NetName=GND Pin=I3-46
Removed Pin From Net: NetName=CD7 Pin=I3-47
Added Pin To Net: NetName=GND Pin=I3-47
Removed Pin From Net: NetName=CD5 Pin=I3-48
Added Pin To Net: NetName=GND Pin=I3-48
Removed Pin From Net: NetName=*CAS1_ Pin=I3-49
Added Pin To Net: NetName=MA2 Pin=I3-49
Removed Pin From Net: NetName=CD3 Pin=I3-50
Added Pin To Net: NetName=MA0 Pin=I3-50
Removed Pin From Net: NetName=CD1 Pin=I3-51
Added Pin To Net: NetName=VCC Pin=I3-51
